p:\vs projects\c++\console_revival\console_revival\release\vc140.pdb
p:\vs projects\c++\console_revival\console_revival\release\misc_functions.obj
p:\vs projects\c++\console_revival\console_revival\release\file_functions.obj
p:\vs projects\c++\console_revival\console_revival\release\main.obj
p:\vs projects\c++\console_revival\console_revival\release\bot.obj
p:\vs projects\c++\console_revival\release\console_revival.exe
p:\vs projects\c++\console_revival\release\console_revival.ipdb
p:\vs projects\c++\console_revival\release\console_revival.iobj
p:\vs projects\c++\console_revival\release\console_revival.pdb
p:\vs projects\c++\console_revival\console_revival\release\nativecodeanalysis.read.1.tlog
p:\vs projects\c++\console_revival\console_revival\release\bot.nativecodeanalysis.xml
p:\vs projects\c++\console_revival\console_revival\release\file_functions.nativecodeanalysis.xml
p:\vs projects\c++\console_revival\console_revival\release\main.nativecodeanalysis.xml
p:\vs projects\c++\console_revival\console_revival\release\misc_functions.nativecodeanalysis.xml
p:\vs projects\c++\console_revival\console_revival\release\vc.nativecodeanalysis.all.xml
p:\vs projects\c++\console_revival\release\console_revival.exe.lastcodeanalysissucceeded
p:\vs projects\c++\console_revival\console_revival\release\console_revival.tlog\cl.command.1.tlog
p:\vs projects\c++\console_revival\console_revival\release\console_revival.tlog\cl.read.1.tlog
p:\vs projects\c++\console_revival\console_revival\release\console_revival.tlog\cl.write.1.tlog
p:\vs projects\c++\console_revival\console_revival\release\console_revival.tlog\link.command.1.tlog
p:\vs projects\c++\console_revival\console_revival\release\console_revival.tlog\link.read.1.tlog
p:\vs projects\c++\console_revival\console_revival\release\console_revival.tlog\link.write.1.tlog
